Intel compiler suite version 19.0.5 loaded.
Curl version 7.54.0 unloaded.
Curl version 7.54.0 loaded.
Sun/Oracle Java SE Development Kit version 11.0.2 loaded.
R version 4.1.1 loaded
srun: error: dl10: task 3: Exited with exit code 1
srun: error: dl10: tasks 2,8-9: Exited with exit code 1
srun: error: dl10: tasks 0,6,12: Exited with exit code 1
srun: error: dl10: task 4: Exited with exit code 1
srun: error: dl10: task 10: Exited with exit code 1
srun: error: dl10: tasks 5,7: Exited with exit code 1
srun: error: dl10: tasks 11,13: Exited with exit code 1
srun: error: dl10: tasks 1,15: Exited with exit code 1
srun: error: dl10: task 14: Exited with exit code 1
